<?xml version="1.0" encoding="UTF-8"?>
<testng-results ignored="0" total="2" passed="2" failed="0" skipped="0">
  <reporter-output>
  </reporter-output>
  <suite started-at="2025-03-29T23:53:50 IST" name="Cucumber-Test Suite" finished-at="2025-03-29T23:54:39 IST" duration-ms="49036">
    <groups>
      <group name="cucumber">
        <method signature="AbstractTestNGCucumberTests.runScenario(io.cucumber.testng.PickleWrapper,io.cucumber.testng.FeatureWrapper)[pri:0, instance:com.tvswebapp.testrunner.TestRunner@62ddbd7e]" name="runScenario" class="io.cucumber.testng.AbstractTestNGCucumberTests"/>
      </group> <!-- cucumber -->
    </groups>
    <test started-at="2025-03-29T23:53:50 IST" name="Cucumber-test" finished-at="2025-03-29T23:54:39 IST" duration-ms="49036">
      <class name="com.tvswebapp.testrunner.TestRunner">
        <test-method is-config="true" signature="setUpClass(org.testng.ITestContext)[pri:0, instance:com.tvswebapp.testrunner.TestRunner@62ddbd7e]" started-at="2025-03-29T23:53:50 IST" name="setUpClass" finished-at="2025-03-29T23:53:51 IST" duration-ms="899" status="PASS">
          <params>
            <param index="0">
              <value>
                <![CDATA[org.testng.TestRunner@865dd6]]>
              </value>
            </param>
          </params>
          <reporter-output>
          </reporter-output>
        </test-method> <!-- setUpClass -->
        <test-method signature="runScenario(io.cucumber.testng.PickleWrapper,io.cucumber.testng.FeatureWrapper)[pri:0, instance:com.tvswebapp.testrunner.TestRunner@62ddbd7e]" started-at="2025-03-29T23:53:51 IST" name="runScenario" description="Runs Cucumber Scenarios" data-provider="scenarios" finished-at="2025-03-29T23:54:35 IST" duration-ms="43319" status="PASS">
          <params>
            <param index="0">
              <value>
                <![CDATA["User enter valid mobile number and valid OTP and clicks on submit button for "TestUser2""]]>
              </value>
            </param>
            <param index="1">
              <value>
                <![CDATA["User enters all the fields in the Login Page and submit"]]>
              </value>
            </param>
          </params>
          <reporter-output>
          </reporter-output>
        </test-method> <!-- runScenario -->
        <test-method signature="runScenario(io.cucumber.testng.PickleWrapper,io.cucumber.testng.FeatureWrapper)[pri:0, instance:com.tvswebapp.testrunner.TestRunner@62ddbd7e]" started-at="2025-03-29T23:53:51 IST" name="runScenario" description="Runs Cucumber Scenarios" data-provider="scenarios" finished-at="2025-03-29T23:54:39 IST" duration-ms="48027" status="PASS">
          <params>
            <param index="0">
              <value>
                <![CDATA["User enter valid mobile number and valid OTP and clicks on submit button for "TestUser1""]]>
              </value>
            </param>
            <param index="1">
              <value>
                <![CDATA["User enters all the fields in the Login Page and submit"]]>
              </value>
            </param>
          </params>
          <reporter-output>
          </reporter-output>
        </test-method> <!-- runScenario -->
        <test-method is-config="true" signature="tearDownClass()[pri:0, instance:com.tvswebapp.testrunner.TestRunner@62ddbd7e]" started-at="2025-03-29T23:54:39 IST" name="tearDownClass" finished-at="2025-03-29T23:54:39 IST" duration-ms="37" status="PASS">
          <reporter-output>
          </reporter-output>
        </test-method> <!-- tearDownClass -->
      </class> <!-- com.tvswebapp.testrunner.TestRunner -->
    </test> <!-- Cucumber-test -->
  </suite> <!-- Cucumber-Test Suite -->
</testng-results>
