<?xml version="1.0" encoding="UTF-8"?>
<testng-results ignored="0" total="2" passed="2" failed="0" skipped="0">
  <reporter-output>
  </reporter-output>
  <suite started-at="2025-03-26T23:39:23 IST" name="Default suite" finished-at="2025-03-26T23:39:56 IST" duration-ms="32538">
    <groups>
      <group name="cucumber">
        <method signature="AbstractTestNGCucumberTests.runScenario(io.cucumber.testng.PickleWrapper,io.cucumber.testng.FeatureWrapper)[pri:0, instance:com.tvswebapp.testrunner.TestRunner@62ddbd7e]" name="runScenario" class="io.cucumber.testng.AbstractTestNGCucumberTests"/>
      </group> <!-- cucumber -->
    </groups>
    <test started-at="2025-03-26T23:39:23 IST" name="Default test" finished-at="2025-03-26T23:39:56 IST" duration-ms="32538">
      <class name="com.tvswebapp.testrunner.TestRunner">
        <test-method is-config="true" signature="setUpClass(org.testng.ITestContext)[pri:0, instance:com.tvswebapp.testrunner.TestRunner@62ddbd7e]" started-at="2025-03-26T23:39:23 IST" name="setUpClass" finished-at="2025-03-26T23:39:24 IST" duration-ms="757" status="PASS">
          <params>
            <param index="0">
              <value>
                <![CDATA[org.testng.TestRunner@2484f433]]>
              </value>
            </param>
          </params>
          <reporter-output>
          </reporter-output>
        </test-method> <!-- setUpClass -->
        <test-method signature="runScenario(io.cucumber.testng.PickleWrapper,io.cucumber.testng.FeatureWrapper)[pri:0, instance:com.tvswebapp.testrunner.TestRunner@62ddbd7e]" started-at="2025-03-26T23:39:24 IST" name="runScenario" description="Runs Cucumber Scenarios" data-provider="scenarios" finished-at="2025-03-26T23:39:56 IST" duration-ms="31699" status="PASS">
          <params>
            <param index="0">
              <value>
                <![CDATA["User enter valid mobile number and valid OTP and clicks on submit button"]]>
              </value>
            </param>
            <param index="1">
              <value>
                <![CDATA["User enters all the fields in the Login Page and submit"]]>
              </value>
            </param>
          </params>
          <reporter-output>
          </reporter-output>
        </test-method> <!-- runScenario -->
        <test-method signature="runScenario(io.cucumber.testng.PickleWrapper,io.cucumber.testng.FeatureWrapper)[pri:0, instance:com.tvswebapp.testrunner.TestRunner@62ddbd7e]" started-at="2025-03-26T23:39:24 IST" name="runScenario" description="Runs Cucumber Scenarios" data-provider="scenarios" finished-at="2025-03-26T23:39:56 IST" duration-ms="31667" status="PASS">
          <params>
            <param index="0">
              <value>
                <![CDATA["User enter valid mobile number and valid OTP and clicks on submit button"]]>
              </value>
            </param>
            <param index="1">
              <value>
                <![CDATA["User enters all the fields in the Login Page and submit"]]>
              </value>
            </param>
          </params>
          <reporter-output>
          </reporter-output>
        </test-method> <!-- runScenario -->
        <test-method is-config="true" signature="tearDownClass()[pri:0, instance:com.tvswebapp.testrunner.TestRunner@62ddbd7e]" started-at="2025-03-26T23:39:56 IST" name="tearDownClass" finished-at="2025-03-26T23:39:56 IST" duration-ms="31" status="PASS">
          <reporter-output>
          </reporter-output>
        </test-method> <!-- tearDownClass -->
      </class> <!-- com.tvswebapp.testrunner.TestRunner -->
    </test> <!-- Default test -->
  </suite> <!-- Default suite -->
</testng-results>
